✅ All satellite processing modules loaded successfully
[Migration] Already have 438 targets, skipping mass import
✅ Dynamic target system initialized (438 targets)

[SCHEDULER] Starting background OSINT refresh at 2026-03-07T18:26:14.797042
[OSINT] Starting full intelligence scan...
  [1/8] Searching: israel strike iran
[SCHEDULER] Background OSINT scheduler started (refresh every 5 hours)

============================================================
  IRAN DAMAGE ASSESSMENT PLATFORM — v5.0
  Data : Multi-source satellite + OSINT intelligence
    [FREE ] Sentinel-2 L2A (10m optical) via Element84 STAC
    [FREE ] Sentinel-1 SAR (10m radar) via Element84 STAC
    [FREE ] GDELT OSINT news intelligence (no key needed)
    [FREE ] 217 known strategic targets in database
    [SETUP] PlanetScope (~3m) — set PL_API_KEY to enable
    [SETUP] Copernicus CDSE — set CDSE_CLIENT_ID to enable
  Method: COG windowed crop (~17s/image, 512x512)
  ML    : Pixel diff + NDVI + SAR log-ratio + blob vectorization
  DB    : SQLite change_events.db
  SCHED : Background OSINT refresh every 5 hours
============================================================

 * Serving Flask app 'app'
 * Debug mode: off
[31m[1mWARNING: This is a development server. Do not use it in a production deployment. Use a production WSGI server instead.[0m
 * Running on all addresses (0.0.0.0)
 * Running on http://127.0.0.1:9000
 * Running on http://192.168.8.14:9000
[33mPress CTRL+C to quit[0m
127.0.0.1 - - [07/Mar/2026 18:26:18] "GET /api/quick-stats HTTP/1.1" 200 -
